<?xml version="1.0" encoding="UTF-8" ?>
<testsuite tests="3" failures="3" name="databaseAccessObjects.TestCurrentTradesDAO" time="0.002" errors="0" skipped="0">
  <properties>
[...]
</properties>
  <testcase classname="databaseAccessObjects.TestCurrentTradesDAO" name="databaseAccessObjects.TestCurrentTradesDAO.test_ifShowAllCurrentTradesByShare" time="0.002">
    <failure type="java.lang.NullPointerException">java.lang.NullPointerException
	at databaseAccessObjects.TestCurrentTradesDAO.test_ifShowAllCurrentTradesByShare(TestCurrentTradesDAO.java:51)
</failure>
  </testcase>
  <testcase classname="databaseAccessObjects.TestCurrentTradesDAO" name="databaseAccessObjects.TestCurrentTradesDAO.test_ifShowAllCurrentTradesForAllCompaniesAreDisplayed" time="0">
    <failure type="java.lang.NullPointerException">java.lang.NullPointerException
	at databaseAccessObjects.TestCurrentTradesDAO.test_ifShowAllCurrentTradesForAllCompaniesAreDisplayed(TestCurrentTradesDAO.java:41)
</failure>
  </testcase>
  <testcase classname="databaseAccessObjects.TestCurrentTradesDAO" name="databaseAccessObjects.TestCurrentTradesDAO.test_ifSharesBuyPriceSellPriceAndTimePostedIsAdded" time="0">
    <failure type="java.lang.NullPointerException">java.lang.NullPointerException
	at databaseAccessObjects.TestCurrentTradesDAO.test_ifSharesBuyPriceSellPriceAndTimePostedIsAdded(TestCurrentTradesDAO.java:61)
</failure>
  </testcase>
</testsuite>